<?xml version="1.0" encoding="UTF-8"?>
<!-- Generated by org.testng.reporters.JUnitReportReporter -->
<testsuite hostname="Rishikesh-Kotharis-MacBook-Pro.local" name="functional_test.ImdbTop50Test" tests="1" failures="0" timestamp="5 Feb 2015 15:57:48 GMT" time="9.426" errors="0">
  <testcase name="genericFlow" time="9.426" classname="functional_test.ImdbTop50Test"/>
</testsuite> <!-- functional_test.ImdbTop50Test -->
