<?xml version="1.0" encoding="UTF-8"?>
<!-- Generated by org.testng.reporters.JUnitReportReporter -->
<testsuite hostname="Rishikesh-Kotharis-MacBook-Pro.local" name="functional_test.ImdbTop50Test" tests="1" failures="0" timestamp="9 Feb 2015 08:40:01 GMT" time="27.028" errors="0">
  <testcase name="genericFlow" time="27.028" classname="functional_test.ImdbTop50Test"/>
</testsuite> <!-- functional_test.ImdbTop50Test -->
